<?xml version="1.0" encoding="UTF-8"?>
<!-- Generated by org.testng.reporters.JUnitReportReporter -->
<testsuite skipped="0" hostname="LAPTOP-015GC0K1" name="com.groot.suite1.Testcases.TC001_HomeSection" tests="1" failures="0" timestamp="22 Mar 2021 19:44:16 GMT" time="9.851" errors="0">
  <testcase name="LaunchBroswer" time="9.851" classname="com.groot.suite1.Testcases.TC001_HomeSection"/>
</testsuite> <!-- com.groot.suite1.Testcases.TC001_HomeSection -->
