<?xml version="1.0" encoding="UTF-8"?>
<!-- Generated by org.testng.reporters.JUnitReportReporter -->
<testsuite skipped="2" hostname="LAPTOP-015GC0K1" name="com.groot.suite2.Testcases.TC06_Careers" tests="2" failures="0" timestamp="21 Mar 2021 22:15:07 GMT" time="0.000" errors="0">
  <testcase name="CareersSection" time="0.000" classname="com.groot.suite2.Testcases.TC06_Careers">
    <skipped/>
  </testcase> <!-- CareersSection -->
  <testcase name="PageImage" time="0.000" classname="com.groot.suite2.Testcases.TC06_Careers">
    <skipped/>
  </testcase> <!-- PageImage -->
</testsuite> <!-- com.groot.suite2.Testcases.TC06_Careers -->
