<?xml version="1.0" encoding="UTF-8"?>
<!-- Generated by org.testng.reporters.JUnitReportReporter -->
<testsuite skipped="0" hostname="LAPTOP-015GC0K1" name="com.groot.suite1.Testcases.TE" tests="1" failures="0" timestamp="21 Mar 2021 17:33:28 GMT" time="4.602" errors="0">
  <testcase name="FindTestEngineers" time="4.602" classname="com.groot.suite1.Testcases.TE"/>
</testsuite> <!-- com.groot.suite1.Testcases.TE -->
