<?xml version="1.0" encoding="UTF-8"?>
<!-- Generated by org.testng.reporters.JUnitReportReporter -->
<testsuite skipped="0" hostname="LAPTOP-015GC0K1" name="com.groot.suite1.Testcases.TC06_Careers" tests="1" failures="0" timestamp="22 Mar 2021 19:41:37 GMT" time="5.746" errors="0">
  <testcase name="CareersSection" time="5.746" classname="com.groot.suite1.Testcases.TC06_Careers"/>
</testsuite> <!-- com.groot.suite1.Testcases.TC06_Careers -->
