<?xml version="1.0" encoding="UTF-8"?>
<!-- Generated by org.testng.reporters.JUnitReportReporter -->
<testsuite skipped="0" hostname="LAPTOP-015GC0K1" name="com.groot.suite1.Testcases.TC002_ServicesSection" tests="1" failures="0" timestamp="22 Mar 2021 19:41:37 GMT" time="10.455" errors="0">
  <testcase name="ServicesSection" time="10.455" classname="com.groot.suite1.Testcases.TC002_ServicesSection"/>
</testsuite> <!-- com.groot.suite1.Testcases.TC002_ServicesSection -->
