<?xml version="1.0" encoding="UTF-8"?>
<!-- Generated by org.testng.reporters.JUnitReportReporter -->
<testsuite skipped="1" hostname="LAPTOP-015GC0K1" name="com.groot.suite2.Testcases.TC03_OpenSource" tests="2" failures="0" timestamp="21 Mar 2021 22:15:08 GMT" time="16.306" errors="0">
  <testcase name="OpenSourceSection" time="16.306" classname="com.groot.suite2.Testcases.TC03_OpenSource"/>
  <testcase name="HomeImage_compare" time="0.000" classname="com.groot.suite2.Testcases.TC03_OpenSource">
    <skipped/>
  </testcase> <!-- HomeImage_compare -->
</testsuite> <!-- com.groot.suite2.Testcases.TC03_OpenSource -->
