<?xml version="1.0" encoding="UTF-8"?>
<!-- Generated by org.testng.reporters.JUnitReportReporter -->
<testsuite skipped="0" hostname="LAPTOP-015GC0K1" name="com.groot.suite1.Testcases.TestExcel" tests="1" failures="0" timestamp="21 Mar 2021 23:12:18 GMT" time="1.969" errors="0">
  <testcase name="exceldata" time="1.969" classname="com.groot.suite1.Testcases.TestExcel"/>
</testsuite> <!-- com.groot.suite1.Testcases.TestExcel -->
